[2022-10-05 21:34:17,264] multiqc                                            [DEBUG  ]  This is MultiQC v1.13
[2022-10-05 21:34:17,264] multiqc                                            [DEBUG  ]  Command used: /usr/local/bin/multiqc fastqc -o multiqc_stat
[2022-10-05 21:34:17,720] multiqc                                            [DEBUG  ]  Latest MultiQC version is v1.13
[2022-10-05 21:34:17,720] multiqc                                            [DEBUG  ]  Working dir : /home/aamakogon/homeworks/hw1
[2022-10-05 21:34:17,720] multiqc                                            [DEBUG  ]  Template    : default
[2022-10-05 21:34:17,720] multiqc                                            [DEBUG  ]  Running Python 3.10.4 (main, Jun 29 2022, 12:14:53) [GCC 11.2.0]
[2022-10-05 21:34:17,720] multiqc                                            [DEBUG  ]  Analysing modules: custom_content, ccs, ngsderive, purple, conpair, lima, peddy, somalier, methylQA, mosdepth, phantompeakqualtools, qualimap, preseq, quast, qorts, rna_seqc, rockhopper, rsem, rseqc, busco, bustools, goleft_indexcov, gffcompare, disambiguate, supernova, deeptools, sargasso, verifybamid, mirtrace, happy, mirtop, sambamba, homer, hops, macs2, theta2, snpeff, gatk, htseq, bcftools, featureCounts, fgbio, dragen, dedup, pbmarkdup, damageprofiler, biobambam2, jcvi, mtnucratio, picard, vep, sentieon, prokka, qc3C, nanostat, samblaster, samtools, sexdeterrmine, eigenstratdatabasetools, bamtools, jellyfish, vcftools, longranger, stacks, varscan2, snippy, bbmap, bismark, biscuit, hicexplorer, hicup, hicpro, salmon, kallisto, slamdunk, star, hisat2, tophat, bowtie2, bowtie1, snpsplit, odgi, pangolin, kat, leehom, adapterRemoval, clipandmerge, cutadapt, flexbar, kaiju, kraken, malt, trimmomatic, sickle, skewer, sortmerna, biobloomtools, fastq_screen, afterqc, fastp, fastqc, pychopper, pycoqc, minionqc, multivcfanalyzer, clusterflow, checkqc, bcl2fastq, bclconvert, interop, ivar, flash, seqyclean, optitype, whatshap
[2022-10-05 21:34:17,721] multiqc                                            [DEBUG  ]  Using temporary directory for creating report: /tmp/tmpqtyk78xf
[2022-10-05 21:34:17,787] multiqc                                            [INFO   ]  Search path : /home/aamakogon/homeworks/hw1/fastqc
[2022-10-05 21:34:18,059] multiqc                                            [DEBUG  ]  Summary of files that were skipped by the search: [skipped_module_specific_max_filesize: 44] // [skipped_no_match: 4]
[2022-10-05 21:34:18,259] multiqc.plots.bargraph                             [DEBUG  ]  Using matplotlib version 3.6.0
[2022-10-05 21:34:18,259] multiqc.plots.linegraph                            [DEBUG  ]  Using matplotlib version 3.6.0
[2022-10-05 21:34:18,259] multiqc                                            [DEBUG  ]  No samples found: custom_content
[2022-10-05 21:34:18,279] multiqc.modules.fastqc.fastqc                      [INFO   ]  Found 4 reports
[2022-10-05 21:34:18,321] multiqc                                            [INFO   ]  Compressing plot data
[2022-10-05 21:34:18,358] multiqc                                            [WARNING]  Previous MultiQC output found! Adjusting filenames..
[2022-10-05 21:34:18,358] multiqc                                            [WARNING]  Use -f or --force to overwrite existing reports instead
[2022-10-05 21:34:18,358] multiqc                                            [INFO   ]  Report      : multiqc_stat/multiqc_report_1.html
[2022-10-05 21:34:18,359] multiqc                                            [INFO   ]  Data        : multiqc_stat/multiqc_data_1
[2022-10-05 21:34:18,359] multiqc                                            [DEBUG  ]  Moving data file from '/tmp/tmpqtyk78xf/multiqc_data' to 'multiqc_stat/multiqc_data_1'
[2022-10-05 21:34:18,410] multiqc                                            [INFO   ]  MultiQC complete
